<?xml version="1.0" encoding="UTF-8"?>
<!-- Generated by org.testng.reporters.JUnitReportReporter -->
<testsuite hostname="AL01070547" failures="0" tests="1" name="com.selenium.test.shadow_DOM" time="2.999" errors="0" timestamp="2020-04-22T15:11:46 ICT" skipped="0">
  <testcase classname="com.selenium.test.shadow_DOM" name="DragnDrop" time="2.999"/>
  <system-out/>
</testsuite> <!-- com.selenium.test.shadow_DOM -->
