<?xml version="1.0" encoding="UTF-8"?>
<!-- Generated by org.testng.reporters.JUnitReportReporter -->
<testsuite hostname="AL01070547" failures="0" tests="2" name="com.study.testng.ParallelTest" time="112.066" errors="0" timestamp="2020-05-05T13:55:14 ICT" skipped="0">
  <testcase classname="com.study.testng.ParallelTest" name="testLogin" time="79.045"/>
  <system-out/>
  <testcase classname="com.study.testng.ParallelTest" name="testLogin" time="33.021"/>
  <system-out/>
</testsuite> <!-- com.study.testng.ParallelTest -->
