<?xml version="1.0" encoding="UTF-8"?>
<!-- Generated by org.testng.reporters.JUnitReportReporter -->
<testsuite hostname="AL01070547" failures="0" tests="3" name="com.selenium.test.SecondTest" time="35.593" errors="0" timestamp="2020-04-24T14:36:24 ICT" skipped="2">
  <testcase classname="com.selenium.test.SecondTest" name="iPage" time="35.593"/>
  <system-out/>
  <testcase classname="com.selenium.test.SecondTest" name="download">
    <skipped/>
  </testcase> <!-- download -->
  <system-out/>
  <testcase classname="com.selenium.test.SecondTest" name="checkAlert">
    <skipped/>
  </testcase> <!-- checkAlert -->
  <system-out/>
</testsuite> <!-- com.selenium.test.SecondTest -->
