<?xml version="1.0" encoding="UTF-8"?>
<!-- Generated by org.testng.reporters.JUnitReportReporter -->
<testsuite hostname="AL01070547" failures="0" tests="1" name="com.selenium.test.LoginTest" time="26.845" errors="0" timestamp="2020-04-24T18:27:50 ICT" skipped="0">
  <testcase classname="com.selenium.test.LoginTest" name="testLogin" time="26.845"/>
  <system-out/>
</testsuite> <!-- com.selenium.test.LoginTest -->
