<?xml version="1.0" encoding="UTF-8"?>
<!-- Generated by org.testng.reporters.JUnitReportReporter -->
<testsuite hostname="AL01070547" failures="0" tests="1" name="com.study.testng.demoFF" time="23.597" errors="0" timestamp="2020-04-27T13:55:40 ICT" skipped="0">
  <testcase classname="com.study.testng.demoFF" name="f" time="23.597"/>
  <system-out/>
</testsuite> <!-- com.study.testng.demoFF -->
