<?xml version="1.0" encoding="UTF-8"?>
<!-- Generated by org.testng.reporters.JUnitReportReporter -->
<testsuite hostname="DESKTOP-OJ83L4L" failures="0" tests="5" name="com.study.testng.NewTest" time="0.021" errors="0" timestamp="2020-05-14T15:37:18 ICT" skipped="0">
  <testcase classname="com.study.testng.NewTest" name="tc01" time="0.007"/>
  <system-out/>
  <testcase classname="com.study.testng.NewTest" name="tc05" time="0.000"/>
  <system-out/>
  <testcase classname="com.study.testng.NewTest" name="tc04" time="0.008"/>
  <system-out/>
  <testcase classname="com.study.testng.NewTest" name="tc03" time="0.003"/>
  <system-out/>
  <testcase classname="com.study.testng.NewTest" name="tc02" time="0.003"/>
  <system-out/>
</testsuite> <!-- com.study.testng.NewTest -->
